<?xml version="1.0" encoding="UTF-8"?>
<!-- Generated by org.testng.reporters.JUnitXMLReporter -->
<testsuite hostname="LAPTOP-J4HH40MP" ignored="0" name="Test" tests="1" failures="1" timestamp="2020-05-26T00:34:53 IST" time="1.43" errors="0">
  <testcase name="@AfterMethod tearDown" time="0.0" classname="tests.DriverManagerClass">
    <failure type="java.lang.NullPointerException">
      <![CDATA[java.lang.NullPointerException
at tests.DriverManagerClass.tearDown(DriverManagerClass.java:68)
at java.util.ArrayList.forEach(ArrayList.java:1257)
... Removed 32 stack frames]]>
    </failure>
  </testcase> <!-- @AfterMethod tearDown -->
  <testcase name="driverManagerTest" time="1.356" classname="tests.DriverManagerClass">
    <failure type="java.lang.NullPointerException">
      <![CDATA[java.lang.NullPointerException
at tests.DriverManagerClass.driverManagerTest(DriverManagerClass.java:23)
at java.util.ArrayList.forEach(ArrayList.java:1257)
... Removed 27 stack frames]]>
    </failure>
  </testcase> <!-- driverManagerTest -->
</testsuite> <!-- Test -->
